<?xml version="1.0" encoding="UTF-8"?>
<!-- Generated by org.testng.reporters.JUnitXMLReporter -->
<testsuite hostname="DESKTOP-327VJM0" ignored="0" name="Command line test" tests="27" failures="6" timestamp="23 Apr 2020 08:56:58 GMT" time="168.997" errors="0">
  <testcase name="@BeforeMethod setUp" time="12.119" classname="com.MRIoA.qa.testcases.SignUpFormPageTest">
    <failure type="org.openqa.selenium.WebDriverException" message="chrome not reachable
  (Session info: chrome=81.0.4044.122)
Build info: version: &amp;apos;3.141.59&amp;apos;, revision: &amp;apos;e82be7d358&amp;apos;, time: &amp;apos;2018-11-14T08:17:03&amp;apos;
System info: host: &amp;apos;DESKTOP-327VJM0&amp;apos;, ip: &amp;apos;192.168.1.7&amp;apos;, os.name: &amp;apos;Windows 10&amp;apos;, os.arch: &amp;apos;amd64&amp;apos;, os.version: &amp;apos;10.0&amp;apos;, java.version: &amp;apos;1.8.0_241&amp;apos;
Driver info: org.openqa.selenium.chrome.ChromeDriver
Capabilities {acceptInsecureCerts: false, browserName: chrome, browserVersion: 81.0.4044.122, chrome: {chromedriverVersion: 81.0.4044.69 (6813546031a4b..., userDataDir: C:\Users\user\AppData\Local...}, goog:chromeOptions: {debuggerAddress: localhost:52116}, javascriptEnabled: true, networkConnectionEnabled: false, pageLoadStrategy: normal, platform: WINDOWS, platformName: WINDOWS, proxy: Proxy(), setWindowRect: true, strictFileInteractability: false, timeouts: {implicit: 0, pageLoad: 300000, script: 30000}, unhandledPromptBehavior: dismiss and notify, webauthn:virtualAuthenticators: true}
Session ID: 74d228eba8575ead4c73a1b3e35a1b9f">
      <![CDATA[org.openqa.selenium.WebDriverException: chrome not reachable
  (Session info: chrome=81.0.4044.122)
Build info: version: '3.141.59', revision: 'e82be7d358', time: '2018-11-14T08:17:03'
System info: host: 'DESKTOP-327VJM0', ip: '192.168.1.7', os.name: 'Windows 10', os.arch: 'amd64', os.version: '10.0', java.version: '1.8.0_241'
Driver info: org.openqa.selenium.chrome.ChromeDriver
Capabilities {acceptInsecureCerts: false, browserName: chrome, browserVersion: 81.0.4044.122, chrome: {chromedriverVersion: 81.0.4044.69 (6813546031a4b..., userDataDir: C:\Users\user\AppData\Local...}, goog:chromeOptions: {debuggerAddress: localhost:52116}, javascriptEnabled: true, networkConnectionEnabled: false, pageLoadStrategy: normal, platform: WINDOWS, platformName: WINDOWS, proxy: Proxy(), setWindowRect: true, strictFileInteractability: false, timeouts: {implicit: 0, pageLoad: 300000, script: 30000}, unhandledPromptBehavior: dismiss and notify, webauthn:virtualAuthenticators: true}
Session ID: 74d228eba8575ead4c73a1b3e35a1b9f
	at org.openqa.selenium.remote.http.W3CHttpResponseCodec.createException(W3CHttpResponseCodec.java:187)
	at org.openqa.selenium.remote.http.W3CHttpResponseCodec.decode(W3CHttpResponseCodec.java:122)
	at org.openqa.selenium.remote.http.W3CHttpResponseCodec.decode(W3CHttpResponseCodec.java:49)
	at org.openqa.selenium.remote.HttpCommandExecutor.execute(HttpCommandExecutor.java:158)
	at org.openqa.selenium.remote.service.DriverCommandExecutor.execute(DriverCommandExecutor.java:83)
	at org.openqa.selenium.remote.RemoteWebDriver.execute(RemoteWebDriver.java:552)
	at org.openqa.selenium.remote.RemoteWebDriver.execute(RemoteWebDriver.java:609)
	at org.openqa.selenium.remote.RemoteWebDriver$RemoteWebDriverOptions.deleteAllCookies(RemoteWebDriver.java:694)
	at com.MRIoA.qa.BaseClass.initializingDriver(BaseClass.java:134)
	at com.MRIoA.qa.testcases.SignUpFormPageTest.setUp(SignUpFormPageTest.java:44)
... Removed 41 stack frames]]>
    </failure>
  </testcase> <!-- @BeforeMethod setUp -->
  <testcase name="@BeforeMethod setUp" time="0.0" classname="com.MRIoA.qa.testcases.SignUpFormPageTest">
    <skipped/>
  </testcase> <!-- @BeforeMethod setUp -->
  <testcase name="@BeforeMethod setUp" time="0.0" classname="com.MRIoA.qa.testcases.SignUpFormPageTest">
    <skipped/>
  </testcase> <!-- @BeforeMethod setUp -->
  <testcase name="@BeforeMethod setUp" time="0.0" classname="com.MRIoA.qa.testcases.SignUpFormPageTest">
    <skipped/>
  </testcase> <!-- @BeforeMethod setUp -->
  <testcase name="@AfterClass closeDBConnection" time="0.0" classname="com.MRIoA.qa.testcases.SignUpFormPageTest">
    <skipped/>
  </testcase> <!-- @AfterClass closeDBConnection -->
  <testcase name="@BeforeMethod setUp" time="12.163" classname="com.MRIoA.qa.testcases.LoginPageTest">
    <failure type="org.openqa.selenium.WebDriverException" message="chrome not reachable
  (Session info: chrome=81.0.4044.122)
Build info: version: &amp;apos;3.141.59&amp;apos;, revision: &amp;apos;e82be7d358&amp;apos;, time: &amp;apos;2018-11-14T08:17:03&amp;apos;
System info: host: &amp;apos;DESKTOP-327VJM0&amp;apos;, ip: &amp;apos;192.168.1.7&amp;apos;, os.name: &amp;apos;Windows 10&amp;apos;, os.arch: &amp;apos;amd64&amp;apos;, os.version: &amp;apos;10.0&amp;apos;, java.version: &amp;apos;1.8.0_241&amp;apos;
Driver info: org.openqa.selenium.chrome.ChromeDriver
Capabilities {acceptInsecureCerts: false, browserName: chrome, browserVersion: 81.0.4044.122, chrome: {chromedriverVersion: 81.0.4044.69 (6813546031a4b..., userDataDir: C:\Users\user\AppData\Local...}, goog:chromeOptions: {debuggerAddress: localhost:52151}, javascriptEnabled: true, networkConnectionEnabled: false, pageLoadStrategy: normal, platform: WINDOWS, platformName: WINDOWS, proxy: Proxy(), setWindowRect: true, strictFileInteractability: false, timeouts: {implicit: 0, pageLoad: 300000, script: 30000}, unhandledPromptBehavior: dismiss and notify, webauthn:virtualAuthenticators: true}
Session ID: 213a82b48c9b7b7165343400b2d5d04f">
      <![CDATA[org.openqa.selenium.WebDriverException: chrome not reachable
  (Session info: chrome=81.0.4044.122)
Build info: version: '3.141.59', revision: 'e82be7d358', time: '2018-11-14T08:17:03'
System info: host: 'DESKTOP-327VJM0', ip: '192.168.1.7', os.name: 'Windows 10', os.arch: 'amd64', os.version: '10.0', java.version: '1.8.0_241'
Driver info: org.openqa.selenium.chrome.ChromeDriver
Capabilities {acceptInsecureCerts: false, browserName: chrome, browserVersion: 81.0.4044.122, chrome: {chromedriverVersion: 81.0.4044.69 (6813546031a4b..., userDataDir: C:\Users\user\AppData\Local...}, goog:chromeOptions: {debuggerAddress: localhost:52151}, javascriptEnabled: true, networkConnectionEnabled: false, pageLoadStrategy: normal, platform: WINDOWS, platformName: WINDOWS, proxy: Proxy(), setWindowRect: true, strictFileInteractability: false, timeouts: {implicit: 0, pageLoad: 300000, script: 30000}, unhandledPromptBehavior: dismiss and notify, webauthn:virtualAuthenticators: true}
Session ID: 213a82b48c9b7b7165343400b2d5d04f
	at org.openqa.selenium.remote.http.W3CHttpResponseCodec.createException(W3CHttpResponseCodec.java:187)
	at org.openqa.selenium.remote.http.W3CHttpResponseCodec.decode(W3CHttpResponseCodec.java:122)
	at org.openqa.selenium.remote.http.W3CHttpResponseCodec.decode(W3CHttpResponseCodec.java:49)
	at org.openqa.selenium.remote.HttpCommandExecutor.execute(HttpCommandExecutor.java:158)
	at org.openqa.selenium.remote.service.DriverCommandExecutor.execute(DriverCommandExecutor.java:83)
	at org.openqa.selenium.remote.RemoteWebDriver.execute(RemoteWebDriver.java:552)
	at org.openqa.selenium.remote.RemoteWebDriver.execute(RemoteWebDriver.java:609)
	at org.openqa.selenium.remote.RemoteWebDriver$RemoteWebDriverOptions.deleteAllCookies(RemoteWebDriver.java:694)
	at com.MRIoA.qa.BaseClass.initializingDriver(BaseClass.java:134)
	at com.MRIoA.qa.testcases.LoginPageTest.setUp(LoginPageTest.java:46)
... Removed 41 stack frames]]>
    </failure>
  </testcase> <!-- @BeforeMethod setUp -->
  <testcase name="@BeforeMethod setUp" time="0.0" classname="com.MRIoA.qa.testcases.LoginPageTest">
    <skipped/>
  </testcase> <!-- @BeforeMethod setUp -->
  <testcase name="@BeforeMethod setUp" time="0.0" classname="com.MRIoA.qa.testcases.LoginPageTest">
    <skipped/>
  </testcase> <!-- @BeforeMethod setUp -->
  <testcase name="@BeforeMethod setUp" time="0.0" classname="com.MRIoA.qa.testcases.LoginPageTest">
    <skipped/>
  </testcase> <!-- @BeforeMethod setUp -->
  <testcase name="@BeforeMethod setUp" time="0.0" classname="com.MRIoA.qa.testcases.LoginPageTest">
    <skipped/>
  </testcase> <!-- @BeforeMethod setUp -->
  <testcase name="@BeforeMethod setUp" time="0.0" classname="com.MRIoA.qa.testcases.LoginPageTest">
    <skipped/>
  </testcase> <!-- @BeforeMethod setUp -->
  <testcase name="@BeforeMethod setUp" time="0.0" classname="com.MRIoA.qa.testcases.LoginPageTest">
    <skipped/>
  </testcase> <!-- @BeforeMethod setUp -->
  <testcase name="@AfterClass closeDBConnection" time="0.0" classname="com.MRIoA.qa.testcases.LoginPageTest">
    <skipped/>
  </testcase> <!-- @AfterClass closeDBConnection -->
  <testcase name="@BeforeMethod setUp" time="12.111" classname="com.MRIoA.qa.testcases.EmployeeLoginPageTest">
    <failure type="org.openqa.selenium.WebDriverException" message="chrome not reachable
  (Session info: chrome=81.0.4044.122)
Build info: version: &amp;apos;3.141.59&amp;apos;, revision: &amp;apos;e82be7d358&amp;apos;, time: &amp;apos;2018-11-14T08:17:03&amp;apos;
System info: host: &amp;apos;DESKTOP-327VJM0&amp;apos;, ip: &amp;apos;192.168.1.7&amp;apos;, os.name: &amp;apos;Windows 10&amp;apos;, os.arch: &amp;apos;amd64&amp;apos;, os.version: &amp;apos;10.0&amp;apos;, java.version: &amp;apos;1.8.0_241&amp;apos;
Driver info: org.openqa.selenium.chrome.ChromeDriver
Capabilities {acceptInsecureCerts: false, browserName: chrome, browserVersion: 81.0.4044.122, chrome: {chromedriverVersion: 81.0.4044.69 (6813546031a4b..., userDataDir: C:\Users\user\AppData\Local...}, goog:chromeOptions: {debuggerAddress: localhost:52185}, javascriptEnabled: true, networkConnectionEnabled: false, pageLoadStrategy: normal, platform: WINDOWS, platformName: WINDOWS, proxy: Proxy(), setWindowRect: true, strictFileInteractability: false, timeouts: {implicit: 0, pageLoad: 300000, script: 30000}, unhandledPromptBehavior: dismiss and notify, webauthn:virtualAuthenticators: true}
Session ID: 60cdbd3c6d87299f051574715a9ee099">
      <![CDATA[org.openqa.selenium.WebDriverException: chrome not reachable
  (Session info: chrome=81.0.4044.122)
Build info: version: '3.141.59', revision: 'e82be7d358', time: '2018-11-14T08:17:03'
System info: host: 'DESKTOP-327VJM0', ip: '192.168.1.7', os.name: 'Windows 10', os.arch: 'amd64', os.version: '10.0', java.version: '1.8.0_241'
Driver info: org.openqa.selenium.chrome.ChromeDriver
Capabilities {acceptInsecureCerts: false, browserName: chrome, browserVersion: 81.0.4044.122, chrome: {chromedriverVersion: 81.0.4044.69 (6813546031a4b..., userDataDir: C:\Users\user\AppData\Local...}, goog:chromeOptions: {debuggerAddress: localhost:52185}, javascriptEnabled: true, networkConnectionEnabled: false, pageLoadStrategy: normal, platform: WINDOWS, platformName: WINDOWS, proxy: Proxy(), setWindowRect: true, strictFileInteractability: false, timeouts: {implicit: 0, pageLoad: 300000, script: 30000}, unhandledPromptBehavior: dismiss and notify, webauthn:virtualAuthenticators: true}
Session ID: 60cdbd3c6d87299f051574715a9ee099
	at org.openqa.selenium.remote.http.W3CHttpResponseCodec.createException(W3CHttpResponseCodec.java:187)
	at org.openqa.selenium.remote.http.W3CHttpResponseCodec.decode(W3CHttpResponseCodec.java:122)
	at org.openqa.selenium.remote.http.W3CHttpResponseCodec.decode(W3CHttpResponseCodec.java:49)
	at org.openqa.selenium.remote.HttpCommandExecutor.execute(HttpCommandExecutor.java:158)
	at org.openqa.selenium.remote.service.DriverCommandExecutor.execute(DriverCommandExecutor.java:83)
	at org.openqa.selenium.remote.RemoteWebDriver.execute(RemoteWebDriver.java:552)
	at org.openqa.selenium.remote.RemoteWebDriver.execute(RemoteWebDriver.java:609)
	at org.openqa.selenium.remote.RemoteWebDriver$RemoteWebDriverOptions.deleteAllCookies(RemoteWebDriver.java:694)
	at com.MRIoA.qa.BaseClass.initializingDriver(BaseClass.java:134)
	at com.MRIoA.qa.testcases.EmployeeLoginPageTest.setUp(EmployeeLoginPageTest.java:43)
... Removed 41 stack frames]]>
    </failure>
  </testcase> <!-- @BeforeMethod setUp -->
  <testcase name="@BeforeMethod setUp" time="0.0" classname="com.MRIoA.qa.testcases.EmployeeLoginPageTest">
    <skipped/>
  </testcase> <!-- @BeforeMethod setUp -->
  <testcase name="@BeforeMethod setUp" time="0.0" classname="com.MRIoA.qa.testcases.EmployeeLoginPageTest">
    <skipped/>
  </testcase> <!-- @BeforeMethod setUp -->
  <testcase name="@BeforeMethod setUp" time="0.0" classname="com.MRIoA.qa.testcases.EmployeeLoginPageTest">
    <skipped/>
  </testcase> <!-- @BeforeMethod setUp -->
  <testcase name="@AfterClass closeDBConnection" time="0.0" classname="com.MRIoA.qa.testcases.EmployeeLoginPageTest">
    <skipped/>
  </testcase> <!-- @AfterClass closeDBConnection -->
  <testcase name="@BeforeMethod setUp" time="12.187" classname="com.MRIoA.qa.testcases.ForgotAndResetPasswordPageTest">
    <failure type="org.openqa.selenium.WebDriverException" message="chrome not reachable
  (Session info: chrome=81.0.4044.122)
Build info: version: &amp;apos;3.141.59&amp;apos;, revision: &amp;apos;e82be7d358&amp;apos;, time: &amp;apos;2018-11-14T08:17:03&amp;apos;
System info: host: &amp;apos;DESKTOP-327VJM0&amp;apos;, ip: &amp;apos;192.168.1.7&amp;apos;, os.name: &amp;apos;Windows 10&amp;apos;, os.arch: &amp;apos;amd64&amp;apos;, os.version: &amp;apos;10.0&amp;apos;, java.version: &amp;apos;1.8.0_241&amp;apos;
Driver info: org.openqa.selenium.chrome.ChromeDriver
Capabilities {acceptInsecureCerts: false, browserName: chrome, browserVersion: 81.0.4044.122, chrome: {chromedriverVersion: 81.0.4044.69 (6813546031a4b..., userDataDir: C:\Users\user\AppData\Local...}, goog:chromeOptions: {debuggerAddress: localhost:52219}, javascriptEnabled: true, networkConnectionEnabled: false, pageLoadStrategy: normal, platform: WINDOWS, platformName: WINDOWS, proxy: Proxy(), setWindowRect: true, strictFileInteractability: false, timeouts: {implicit: 0, pageLoad: 300000, script: 30000}, unhandledPromptBehavior: dismiss and notify, webauthn:virtualAuthenticators: true}
Session ID: da61f025d05003c959a8aec16c595594">
      <![CDATA[org.openqa.selenium.WebDriverException: chrome not reachable
  (Session info: chrome=81.0.4044.122)
Build info: version: '3.141.59', revision: 'e82be7d358', time: '2018-11-14T08:17:03'
System info: host: 'DESKTOP-327VJM0', ip: '192.168.1.7', os.name: 'Windows 10', os.arch: 'amd64', os.version: '10.0', java.version: '1.8.0_241'
Driver info: org.openqa.selenium.chrome.ChromeDriver
Capabilities {acceptInsecureCerts: false, browserName: chrome, browserVersion: 81.0.4044.122, chrome: {chromedriverVersion: 81.0.4044.69 (6813546031a4b..., userDataDir: C:\Users\user\AppData\Local...}, goog:chromeOptions: {debuggerAddress: localhost:52219}, javascriptEnabled: true, networkConnectionEnabled: false, pageLoadStrategy: normal, platform: WINDOWS, platformName: WINDOWS, proxy: Proxy(), setWindowRect: true, strictFileInteractability: false, timeouts: {implicit: 0, pageLoad: 300000, script: 30000}, unhandledPromptBehavior: dismiss and notify, webauthn:virtualAuthenticators: true}
Session ID: da61f025d05003c959a8aec16c595594
	at org.openqa.selenium.remote.http.W3CHttpResponseCodec.createException(W3CHttpResponseCodec.java:187)
	at org.openqa.selenium.remote.http.W3CHttpResponseCodec.decode(W3CHttpResponseCodec.java:122)
	at org.openqa.selenium.remote.http.W3CHttpResponseCodec.decode(W3CHttpResponseCodec.java:49)
	at org.openqa.selenium.remote.HttpCommandExecutor.execute(HttpCommandExecutor.java:158)
	at org.openqa.selenium.remote.service.DriverCommandExecutor.execute(DriverCommandExecutor.java:83)
	at org.openqa.selenium.remote.RemoteWebDriver.execute(RemoteWebDriver.java:552)
	at org.openqa.selenium.remote.RemoteWebDriver.execute(RemoteWebDriver.java:609)
	at org.openqa.selenium.remote.RemoteWebDriver$RemoteWebDriverOptions.deleteAllCookies(RemoteWebDriver.java:694)
	at com.MRIoA.qa.BaseClass.initializingDriver(BaseClass.java:134)
	at com.MRIoA.qa.testcases.ForgotAndResetPasswordPageTest.setUp(ForgotAndResetPasswordPageTest.java:48)
... Removed 41 stack frames]]>
    </failure>
  </testcase> <!-- @BeforeMethod setUp -->
  <testcase name="@BeforeMethod setUp" time="0.0" classname="com.MRIoA.qa.testcases.ForgotAndResetPasswordPageTest">
    <skipped/>
  </testcase> <!-- @BeforeMethod setUp -->
  <testcase name="@AfterClass closeDBConnection" time="0.0" classname="com.MRIoA.qa.testcases.ForgotAndResetPasswordPageTest">
    <skipped/>
  </testcase> <!-- @AfterClass closeDBConnection -->
  <testcase name="@BeforeMethod setUp" time="13.799" classname="com.MRIoA.qa.testcases.NewServiceRequestScenarioTest">
    <failure type="org.openqa.selenium.WebDriverException" message="chrome not reachable
  (Session info: chrome=81.0.4044.122)
Build info: version: &amp;apos;3.141.59&amp;apos;, revision: &amp;apos;e82be7d358&amp;apos;, time: &amp;apos;2018-11-14T08:17:03&amp;apos;
System info: host: &amp;apos;DESKTOP-327VJM0&amp;apos;, ip: &amp;apos;192.168.1.7&amp;apos;, os.name: &amp;apos;Windows 10&amp;apos;, os.arch: &amp;apos;amd64&amp;apos;, os.version: &amp;apos;10.0&amp;apos;, java.version: &amp;apos;1.8.0_241&amp;apos;
Driver info: org.openqa.selenium.chrome.ChromeDriver
Capabilities {acceptInsecureCerts: false, browserName: chrome, browserVersion: 81.0.4044.122, chrome: {chromedriverVersion: 81.0.4044.69 (6813546031a4b..., userDataDir: C:\Users\user\AppData\Local...}, goog:chromeOptions: {debuggerAddress: localhost:52322}, javascriptEnabled: true, networkConnectionEnabled: false, pageLoadStrategy: normal, platform: WINDOWS, platformName: WINDOWS, proxy: Proxy(), setWindowRect: true, strictFileInteractability: false, timeouts: {implicit: 0, pageLoad: 300000, script: 30000}, unhandledPromptBehavior: dismiss and notify, webauthn:virtualAuthenticators: true}
Session ID: f6791f4ee1c3fde397494eaac2daa1c3">
      <![CDATA[org.openqa.selenium.WebDriverException: chrome not reachable
  (Session info: chrome=81.0.4044.122)
Build info: version: '3.141.59', revision: 'e82be7d358', time: '2018-11-14T08:17:03'
System info: host: 'DESKTOP-327VJM0', ip: '192.168.1.7', os.name: 'Windows 10', os.arch: 'amd64', os.version: '10.0', java.version: '1.8.0_241'
Driver info: org.openqa.selenium.chrome.ChromeDriver
Capabilities {acceptInsecureCerts: false, browserName: chrome, browserVersion: 81.0.4044.122, chrome: {chromedriverVersion: 81.0.4044.69 (6813546031a4b..., userDataDir: C:\Users\user\AppData\Local...}, goog:chromeOptions: {debuggerAddress: localhost:52322}, javascriptEnabled: true, networkConnectionEnabled: false, pageLoadStrategy: normal, platform: WINDOWS, platformName: WINDOWS, proxy: Proxy(), setWindowRect: true, strictFileInteractability: false, timeouts: {implicit: 0, pageLoad: 300000, script: 30000}, unhandledPromptBehavior: dismiss and notify, webauthn:virtualAuthenticators: true}
Session ID: f6791f4ee1c3fde397494eaac2daa1c3
	at org.openqa.selenium.remote.http.W3CHttpResponseCodec.createException(W3CHttpResponseCodec.java:187)
	at org.openqa.selenium.remote.http.W3CHttpResponseCodec.decode(W3CHttpResponseCodec.java:122)
	at org.openqa.selenium.remote.http.W3CHttpResponseCodec.decode(W3CHttpResponseCodec.java:49)
	at org.openqa.selenium.remote.HttpCommandExecutor.execute(HttpCommandExecutor.java:158)
	at org.openqa.selenium.remote.service.DriverCommandExecutor.execute(DriverCommandExecutor.java:83)
	at org.openqa.selenium.remote.RemoteWebDriver.execute(RemoteWebDriver.java:552)
	at org.openqa.selenium.remote.RemoteWebDriver.execute(RemoteWebDriver.java:609)
	at org.openqa.selenium.remote.RemoteWebDriver$RemoteWebDriverOptions.deleteAllCookies(RemoteWebDriver.java:694)
	at com.MRIoA.qa.BaseClass.initializingDriver(BaseClass.java:134)
	at com.MRIoA.qa.testcases.NewServiceRequestScenarioTest.setUp(NewServiceRequestScenarioTest.java:57)
... Removed 41 stack frames]]>
    </failure>
  </testcase> <!-- @BeforeMethod setUp -->
  <testcase name="@AfterClass closeDBConnection" time="0.0" classname="com.MRIoA.qa.testcases.NewServiceRequestScenarioTest">
    <skipped/>
  </testcase> <!-- @AfterClass closeDBConnection -->
  <testcase name="@BeforeMethod setUp" time="12.104" classname="com.MRIoA.qa.testcases.SubmittedServiceRequestScenarioTest">
    <failure type="org.openqa.selenium.WebDriverException" message="chrome not reachable
  (Session info: chrome=81.0.4044.122)
Build info: version: &amp;apos;3.141.59&amp;apos;, revision: &amp;apos;e82be7d358&amp;apos;, time: &amp;apos;2018-11-14T08:17:03&amp;apos;
System info: host: &amp;apos;DESKTOP-327VJM0&amp;apos;, ip: &amp;apos;192.168.1.7&amp;apos;, os.name: &amp;apos;Windows 10&amp;apos;, os.arch: &amp;apos;amd64&amp;apos;, os.version: &amp;apos;10.0&amp;apos;, java.version: &amp;apos;1.8.0_241&amp;apos;
Driver info: org.openqa.selenium.chrome.ChromeDriver
Capabilities {acceptInsecureCerts: false, browserName: chrome, browserVersion: 81.0.4044.122, chrome: {chromedriverVersion: 81.0.4044.69 (6813546031a4b..., userDataDir: C:\Users\user\AppData\Local...}, goog:chromeOptions: {debuggerAddress: localhost:52400}, javascriptEnabled: true, networkConnectionEnabled: false, pageLoadStrategy: normal, platform: WINDOWS, platformName: WINDOWS, proxy: Proxy(), setWindowRect: true, strictFileInteractability: false, timeouts: {implicit: 0, pageLoad: 300000, script: 30000}, unhandledPromptBehavior: dismiss and notify, webauthn:virtualAuthenticators: true}
Session ID: 3d2096f8952d5517b7e7d11c3ad5a5b6">
      <![CDATA[org.openqa.selenium.WebDriverException: chrome not reachable
  (Session info: chrome=81.0.4044.122)
Build info: version: '3.141.59', revision: 'e82be7d358', time: '2018-11-14T08:17:03'
System info: host: 'DESKTOP-327VJM0', ip: '192.168.1.7', os.name: 'Windows 10', os.arch: 'amd64', os.version: '10.0', java.version: '1.8.0_241'
Driver info: org.openqa.selenium.chrome.ChromeDriver
Capabilities {acceptInsecureCerts: false, browserName: chrome, browserVersion: 81.0.4044.122, chrome: {chromedriverVersion: 81.0.4044.69 (6813546031a4b..., userDataDir: C:\Users\user\AppData\Local...}, goog:chromeOptions: {debuggerAddress: localhost:52400}, javascriptEnabled: true, networkConnectionEnabled: false, pageLoadStrategy: normal, platform: WINDOWS, platformName: WINDOWS, proxy: Proxy(), setWindowRect: true, strictFileInteractability: false, timeouts: {implicit: 0, pageLoad: 300000, script: 30000}, unhandledPromptBehavior: dismiss and notify, webauthn:virtualAuthenticators: true}
Session ID: 3d2096f8952d5517b7e7d11c3ad5a5b6
	at org.openqa.selenium.remote.http.W3CHttpResponseCodec.createException(W3CHttpResponseCodec.java:187)
	at org.openqa.selenium.remote.http.W3CHttpResponseCodec.decode(W3CHttpResponseCodec.java:122)
	at org.openqa.selenium.remote.http.W3CHttpResponseCodec.decode(W3CHttpResponseCodec.java:49)
	at org.openqa.selenium.remote.HttpCommandExecutor.execute(HttpCommandExecutor.java:158)
	at org.openqa.selenium.remote.service.DriverCommandExecutor.execute(DriverCommandExecutor.java:83)
	at org.openqa.selenium.remote.RemoteWebDriver.execute(RemoteWebDriver.java:552)
	at org.openqa.selenium.remote.RemoteWebDriver.execute(RemoteWebDriver.java:609)
	at org.openqa.selenium.remote.RemoteWebDriver$RemoteWebDriverOptions.deleteAllCookies(RemoteWebDriver.java:694)
	at com.MRIoA.qa.BaseClass.initializingDriver(BaseClass.java:134)
	at com.MRIoA.qa.testcases.SubmittedServiceRequestScenarioTest.setUp(SubmittedServiceRequestScenarioTest.java:56)
... Removed 41 stack frames]]>
    </failure>
  </testcase> <!-- @BeforeMethod setUp -->
  <testcase name="@AfterClass closeDBConnection" time="0.0" classname="com.MRIoA.qa.testcases.SubmittedServiceRequestScenarioTest">
    <skipped/>
  </testcase> <!-- @AfterClass closeDBConnection -->
  <testcase name="@BeforeMethod setUp" time="12.26" classname="com.MRIoA.qa.testcases.DeleteUsersAPIAutomationTest">
    <failure type="org.openqa.selenium.WebDriverException" message="chrome not reachable
  (Session info: chrome=81.0.4044.122)
Build info: version: &amp;apos;3.141.59&amp;apos;, revision: &amp;apos;e82be7d358&amp;apos;, time: &amp;apos;2018-11-14T08:17:03&amp;apos;
System info: host: &amp;apos;DESKTOP-327VJM0&amp;apos;, ip: &amp;apos;192.168.1.7&amp;apos;, os.name: &amp;apos;Windows 10&amp;apos;, os.arch: &amp;apos;amd64&amp;apos;, os.version: &amp;apos;10.0&amp;apos;, java.version: &amp;apos;1.8.0_241&amp;apos;
Driver info: org.openqa.selenium.chrome.ChromeDriver
Capabilities {acceptInsecureCerts: false, browserName: chrome, browserVersion: 81.0.4044.122, chrome: {chromedriverVersion: 81.0.4044.69 (6813546031a4b..., userDataDir: C:\Users\user\AppData\Local...}, goog:chromeOptions: {debuggerAddress: localhost:52466}, javascriptEnabled: true, networkConnectionEnabled: false, pageLoadStrategy: normal, platform: WINDOWS, platformName: WINDOWS, proxy: Proxy(), setWindowRect: true, strictFileInteractability: false, timeouts: {implicit: 0, pageLoad: 300000, script: 30000}, unhandledPromptBehavior: dismiss and notify, webauthn:virtualAuthenticators: true}
Session ID: f87fb884635bf4d4e4d47e8995887731">
      <![CDATA[org.openqa.selenium.WebDriverException: chrome not reachable
  (Session info: chrome=81.0.4044.122)
Build info: version: '3.141.59', revision: 'e82be7d358', time: '2018-11-14T08:17:03'
System info: host: 'DESKTOP-327VJM0', ip: '192.168.1.7', os.name: 'Windows 10', os.arch: 'amd64', os.version: '10.0', java.version: '1.8.0_241'
Driver info: org.openqa.selenium.chrome.ChromeDriver
Capabilities {acceptInsecureCerts: false, browserName: chrome, browserVersion: 81.0.4044.122, chrome: {chromedriverVersion: 81.0.4044.69 (6813546031a4b..., userDataDir: C:\Users\user\AppData\Local...}, goog:chromeOptions: {debuggerAddress: localhost:52466}, javascriptEnabled: true, networkConnectionEnabled: false, pageLoadStrategy: normal, platform: WINDOWS, platformName: WINDOWS, proxy: Proxy(), setWindowRect: true, strictFileInteractability: false, timeouts: {implicit: 0, pageLoad: 300000, script: 30000}, unhandledPromptBehavior: dismiss and notify, webauthn:virtualAuthenticators: true}
Session ID: f87fb884635bf4d4e4d47e8995887731
	at org.openqa.selenium.remote.http.W3CHttpResponseCodec.createException(W3CHttpResponseCodec.java:187)
	at org.openqa.selenium.remote.http.W3CHttpResponseCodec.decode(W3CHttpResponseCodec.java:122)
	at org.openqa.selenium.remote.http.W3CHttpResponseCodec.decode(W3CHttpResponseCodec.java:49)
	at org.openqa.selenium.remote.HttpCommandExecutor.execute(HttpCommandExecutor.java:158)
	at org.openqa.selenium.remote.service.DriverCommandExecutor.execute(DriverCommandExecutor.java:83)
	at org.openqa.selenium.remote.RemoteWebDriver.execute(RemoteWebDriver.java:552)
	at org.openqa.selenium.remote.RemoteWebDriver.execute(RemoteWebDriver.java:609)
	at org.openqa.selenium.remote.RemoteWebDriver$RemoteWebDriverOptions.deleteAllCookies(RemoteWebDriver.java:694)
	at com.MRIoA.qa.BaseClass.initializingDriver(BaseClass.java:134)
	at com.MRIoA.qa.testcases.DeleteUsersAPIAutomationTest.setUp(DeleteUsersAPIAutomationTest.java:40)
... Removed 41 stack frames]]>
    </failure>
  </testcase> <!-- @BeforeMethod setUp -->
  <testcase name="@BeforeMethod setUp" time="0.0" classname="com.MRIoA.qa.testcases.DeleteUsersAPIAutomationTest">
    <skipped/>
  </testcase> <!-- @BeforeMethod setUp -->
  <testcase name="@AfterClass closeDBConnection" time="0.0" classname="com.MRIoA.qa.testcases.DeleteUsersAPIAutomationTest">
    <skipped/>
  </testcase> <!-- @AfterClass closeDBConnection -->
  <testcase name="patientFormSignUpSuccessTest_with2FA" time="5.508" classname="com.MRIoA.qa.testcases.SignUpFormPageTest">
    <failure type="org.openqa.selenium.WebDriverException" message="chrome not reachable
  (Session info: chrome=81.0.4044.122)
Build info: version: &amp;apos;3.141.59&amp;apos;, revision: &amp;apos;e82be7d358&amp;apos;, time: &amp;apos;2018-11-14T08:17:03&amp;apos;
System info: host: &amp;apos;DESKTOP-327VJM0&amp;apos;, ip: &amp;apos;192.168.1.7&amp;apos;, os.name: &amp;apos;Windows 10&amp;apos;, os.arch: &amp;apos;amd64&amp;apos;, os.version: &amp;apos;10.0&amp;apos;, java.version: &amp;apos;1.8.0_241&amp;apos;
Driver info: org.openqa.selenium.chrome.ChromeDriver
Capabilities {acceptInsecureCerts: false, browserName: chrome, browserVersion: 81.0.4044.122, chrome: {chromedriverVersion: 81.0.4044.69 (6813546031a4b..., userDataDir: C:\Users\user\AppData\Local...}, goog:chromeOptions: {debuggerAddress: localhost:52074}, javascriptEnabled: true, networkConnectionEnabled: false, pageLoadStrategy: normal, platform: WINDOWS, platformName: WINDOWS, proxy: Proxy(), setWindowRect: true, strictFileInteractability: false, timeouts: {implicit: 0, pageLoad: 300000, script: 30000}, unhandledPromptBehavior: dismiss and notify, webauthn:virtualAuthenticators: true}
Session ID: 756ebb80b47709bf2e339d64fb86425a
*** Element info: {Using=link text, value=Sign Up!}">
      <![CDATA[org.openqa.selenium.WebDriverException: chrome not reachable
  (Session info: chrome=81.0.4044.122)
Build info: version: '3.141.59', revision: 'e82be7d358', time: '2018-11-14T08:17:03'
System info: host: 'DESKTOP-327VJM0', ip: '192.168.1.7', os.name: 'Windows 10', os.arch: 'amd64', os.version: '10.0', java.version: '1.8.0_241'
Driver info: org.openqa.selenium.chrome.ChromeDriver
Capabilities {acceptInsecureCerts: false, browserName: chrome, browserVersion: 81.0.4044.122, chrome: {chromedriverVersion: 81.0.4044.69 (6813546031a4b..., userDataDir: C:\Users\user\AppData\Local...}, goog:chromeOptions: {debuggerAddress: localhost:52074}, javascriptEnabled: true, networkConnectionEnabled: false, pageLoadStrategy: normal, platform: WINDOWS, platformName: WINDOWS, proxy: Proxy(), setWindowRect: true, strictFileInteractability: false, timeouts: {implicit: 0, pageLoad: 300000, script: 30000}, unhandledPromptBehavior: dismiss and notify, webauthn:virtualAuthenticators: true}
Session ID: 756ebb80b47709bf2e339d64fb86425a
*** Element info: {Using=link text, value=Sign Up!}
	at org.openqa.selenium.remote.http.W3CHttpResponseCodec.createException(W3CHttpResponseCodec.java:187)
	at org.openqa.selenium.remote.http.W3CHttpResponseCodec.decode(W3CHttpResponseCodec.java:122)
	at org.openqa.selenium.remote.http.W3CHttpResponseCodec.decode(W3CHttpResponseCodec.java:49)
	at org.openqa.selenium.remote.HttpCommandExecutor.execute(HttpCommandExecutor.java:158)
	at org.openqa.selenium.remote.service.DriverCommandExecutor.execute(DriverCommandExecutor.java:83)
	at org.openqa.selenium.remote.RemoteWebDriver.execute(RemoteWebDriver.java:552)
	at org.openqa.selenium.remote.RemoteWebDriver.findElement(RemoteWebDriver.java:323)
	at org.openqa.selenium.remote.RemoteWebDriver.findElementByLinkText(RemoteWebDriver.java:380)
	at org.openqa.selenium.By$ByLinkText.findElement(By.java:220)
	at org.openqa.selenium.remote.RemoteWebDriver.findElement(RemoteWebDriver.java:315)
	at org.openqa.selenium.support.pagefactory.DefaultElementLocator.findElement(DefaultElementLocator.java:69)
	at org.openqa.selenium.support.pagefactory.internal.LocatingElementHandler.invoke(LocatingElementHandler.java:38)
	at com.sun.proxy.$Proxy10.click(Unknown Source)
	at com.MRIoA.qa.pageObjects.SignUpFormPage.clickSignUpLink(SignUpFormPage.java:122)
	at com.MRIoA.qa.testcases.SignUpFormPageTest.patientFormSignUpSuccessTest_with2FA(SignUpFormPageTest.java:58)
... Removed 39 stack frames]]>
    </failure>
  </testcase> <!-- patientFormSignUpSuccessTest_with2FA -->
  <testcase name="patientFormSignUpFailureTest_with2FA" time="0.0" classname="com.MRIoA.qa.testcases.SignUpFormPageTest">
    <skipped/>
  </testcase> <!-- patientFormSignUpFailureTest_with2FA -->
  <testcase name="patientFormSignUpSuccessTest_without2FA" time="0.0" classname="com.MRIoA.qa.testcases.SignUpFormPageTest">
    <skipped/>
  </testcase> <!-- patientFormSignUpSuccessTest_without2FA -->
  <testcase name="patientFormSignUpFailureTest_without2FA" time="0.0" classname="com.MRIoA.qa.testcases.SignUpFormPageTest">
    <skipped/>
  </testcase> <!-- patientFormSignUpFailureTest_without2FA -->
  <testcase name="patientGoogleSignUpSuccessTest_without2FA" time="0.0" classname="com.MRIoA.qa.testcases.SignUpFormPageTest">
    <skipped/>
  </testcase> <!-- patientGoogleSignUpSuccessTest_without2FA -->
  <testcase name="patientValidEmailAddress_validPassword_LoginTest_with2FA_ValidOTP" time="0.0" classname="com.MRIoA.qa.testcases.LoginPageTest">
    <skipped/>
  </testcase> <!-- patientValidEmailAddress_validPassword_LoginTest_with2FA_ValidOTP -->
  <testcase name="patientValidEmailAddress_validPassword_LoginTest_with2FA_invalidOTP" time="0.0" classname="com.MRIoA.qa.testcases.LoginPageTest">
    <skipped/>
  </testcase> <!-- patientValidEmailAddress_validPassword_LoginTest_with2FA_invalidOTP -->
  <testcase name="patientValidEmailAddress_validPassword_LoginTest_without2FA" time="0.0" classname="com.MRIoA.qa.testcases.LoginPageTest">
    <skipped/>
  </testcase> <!-- patientValidEmailAddress_validPassword_LoginTest_without2FA -->
  <testcase name="patientInvalidEmailAddress_validPassword_LoginTest" time="0.0" classname="com.MRIoA.qa.testcases.LoginPageTest">
    <skipped/>
  </testcase> <!-- patientInvalidEmailAddress_validPassword_LoginTest -->
  <testcase name="patientInvalidEmailAddress_invalidPassword_LoginTest" time="0.0" classname="com.MRIoA.qa.testcases.LoginPageTest">
    <skipped/>
  </testcase> <!-- patientInvalidEmailAddress_invalidPassword_LoginTest -->
  <testcase name="patientLogoutTest" time="0.0" classname="com.MRIoA.qa.testcases.LoginPageTest">
    <skipped/>
  </testcase> <!-- patientLogoutTest -->
  <testcase name="patientGoogleSignInTest_without2FA" time="0.0" classname="com.MRIoA.qa.testcases.LoginPageTest">
    <skipped/>
  </testcase> <!-- patientGoogleSignInTest_without2FA -->
  <testcase name="caseManagerLogin_WithValidOTPTest" time="0.0" classname="com.MRIoA.qa.testcases.EmployeeLoginPageTest">
    <skipped/>
  </testcase> <!-- caseManagerLogin_WithValidOTPTest -->
  <testcase name="caseManagerLogin_WithInvalidOTPTest" time="0.0" classname="com.MRIoA.qa.testcases.EmployeeLoginPageTest">
    <skipped/>
  </testcase> <!-- caseManagerLogin_WithInvalidOTPTest -->
  <testcase name="supervisorLogin_WithValidOTPTest" time="0.0" classname="com.MRIoA.qa.testcases.EmployeeLoginPageTest">
    <skipped/>
  </testcase> <!-- supervisorLogin_WithValidOTPTest -->
  <testcase name="casemanager_logoutTest" time="0.0" classname="com.MRIoA.qa.testcases.EmployeeLoginPageTest">
    <skipped/>
  </testcase> <!-- casemanager_logoutTest -->
  <testcase name="doResetPwdWith_InvalidEmailAddressTest" time="0.0" classname="com.MRIoA.qa.testcases.ForgotAndResetPasswordPageTest">
    <skipped/>
  </testcase> <!-- doResetPwdWith_InvalidEmailAddressTest -->
  <testcase name="doResetPasswordWith_ValidEmailAddressTest" time="0.0" classname="com.MRIoA.qa.testcases.ForgotAndResetPasswordPageTest">
    <skipped/>
  </testcase> <!-- doResetPasswordWith_ValidEmailAddressTest -->
  <testcase name="doProfileEditTest" time="1.664" classname="com.MRIoA.qa.testcases.PatientEditProfilePageTest">
    <failure type="java.lang.AssertionError" message="2FA is not opted for email address:--- testng5@mailinator.com">
      <![CDATA[java.lang.AssertionError: 2FA is not opted for email address:--- testng5@mailinator.com
	at com.MRIoA.qa.utilities.Utilities.get2FAStatus(Utilities.java:106)
	at com.MRIoA.qa.testcases.PatientEditProfilePageTest.doProfileEditTest(PatientEditProfilePageTest.java:66)
... Removed 36 stack frames]]>
    </failure>
  </testcase> <!-- doProfileEditTest -->
  <testcase name="doPasswordUpdateTest" time="2.452" classname="com.MRIoA.qa.testcases.PatientEditProfilePageTest">
    <failure type="java.lang.AssertionError" message="2FA is not opted for email address:--- testng5@mailinator.com">
      <![CDATA[java.lang.AssertionError: 2FA is not opted for email address:--- testng5@mailinator.com
	at com.MRIoA.qa.utilities.Utilities.get2FAStatus(Utilities.java:106)
	at com.MRIoA.qa.testcases.PatientEditProfilePageTest.doPasswordUpdateTest(PatientEditProfilePageTest.java:202)
... Removed 36 stack frames]]>
    </failure>
  </testcase> <!-- doPasswordUpdateTest -->
  <testcase name="verifyNewServiceRequestTest" time="0.0" classname="com.MRIoA.qa.testcases.NewServiceRequestScenarioTest">
    <skipped/>
  </testcase> <!-- verifyNewServiceRequestTest -->
  <testcase name="verifyAssignedServiceRequestTest" time="3.442" classname="com.MRIoA.qa.testcases.AssignedServiceRequestScenarioTest">
    <failure type="java.lang.AssertionError" message="2FA is not opted for email address:--- testng6@mailinator.com">
      <![CDATA[java.lang.AssertionError: 2FA is not opted for email address:--- testng6@mailinator.com
	at com.MRIoA.qa.utilities.Utilities.get2FAStatus(Utilities.java:106)
	at com.MRIoA.qa.pageObjects.LoginPage.attemptPatientLogin(LoginPage.java:218)
	at com.MRIoA.qa.testcases.AssignedServiceRequestScenarioTest.verifyAssignedServiceRequestTest(AssignedServiceRequestScenarioTest.java:71)
... Removed 36 stack frames]]>
    </failure>
  </testcase> <!-- verifyAssignedServiceRequestTest -->
  <testcase name="verifyRejectedServiceRequestTest" time="1.608" classname="com.MRIoA.qa.testcases.RejectedAndReopenedServiceRequestScenarioTest">
    <failure type="java.lang.AssertionError" message="2FA is not opted for email address:--- testng6@mailinator.com">
      <![CDATA[java.lang.AssertionError: 2FA is not opted for email address:--- testng6@mailinator.com
	at com.MRIoA.qa.utilities.Utilities.get2FAStatus(Utilities.java:106)
	at com.MRIoA.qa.pageObjects.LoginPage.attemptPatientLogin(LoginPage.java:218)
	at com.MRIoA.qa.testcases.RejectedAndReopenedServiceRequestScenarioTest.verifyRejectedServiceRequestTest(RejectedAndReopenedServiceRequestScenarioTest.java:71)
... Removed 36 stack frames]]>
    </failure>
  </testcase> <!-- verifyRejectedServiceRequestTest -->
  <testcase name="submitServiceRequestTest" time="0.0" classname="com.MRIoA.qa.testcases.SubmittedServiceRequestScenarioTest">
    <skipped/>
  </testcase> <!-- submitServiceRequestTest -->
  <testcase name="closeAndArchiveServiceRequestTest" time="1.863" classname="com.MRIoA.qa.testcases.ClosedAndArchivedServiceRequestScenarioTest">
    <failure type="java.lang.AssertionError" message="2FA is not opted for email address:--- testng5@mailinator.com">
      <![CDATA[java.lang.AssertionError: 2FA is not opted for email address:--- testng5@mailinator.com
	at com.MRIoA.qa.utilities.Utilities.get2FAStatus(Utilities.java:106)
	at com.MRIoA.qa.pageObjects.LoginPage.attemptPatientLogin(LoginPage.java:218)
	at com.MRIoA.qa.testcases.ClosedAndArchivedServiceRequestScenarioTest.closeAndArchiveServiceRequestTest(ClosedAndArchivedServiceRequestScenarioTest.java:75)
... Removed 36 stack frames]]>
    </failure>
  </testcase> <!-- closeAndArchiveServiceRequestTest -->
  <testcase name="deleteUsersAPIAutomation" time="0.0" classname="com.MRIoA.qa.testcases.DeleteUsersAPIAutomationTest">
    <skipped/>
  </testcase> <!-- deleteUsersAPIAutomation -->
  <testcase name="LoginTest_AfterUserDeletion" time="0.0" classname="com.MRIoA.qa.testcases.DeleteUsersAPIAutomationTest">
    <skipped/>
  </testcase> <!-- LoginTest_AfterUserDeletion -->
</testsuite> <!-- Command line test -->
